ISim log file
Running: H:\ISE_projects\p1_homework\debug_zongxian_tb_isim_beh.exe -intstyle ise -gui -tclbatch isim.cmd -wdb H:/ISE_projects/p1_homework/debug_zongxian_tb_isim_beh.wdb 
ISim P.20131013 (signature 0x7708f090)
WARNING: A WEBPACK license was found.
WARNING: Please use Xilinx License Configuration Manager to check out a full ISim license.
WARNING: ISim will run in Lite mode. Please refer to the ISim documentation for more information on the differences between the Lite and the Full version.
This is a Lite version of ISim.
Time resolution is 1 ps
# onerror resume
# wave add /
# run 1000 ns
Simulator is doing circuit initialization process.
Finished circuit initialization process.
                 10000000001
ISim P.20131013 (signature 0x7708f090)
WARNING: A WEBPACK license was found.
WARNING: Please use Xilinx License Configuration Manager to check out a full ISim license.
WARNING: ISim will run in Lite mode. Please refer to the ISim documentation for more information on the differences between the Lite and the Full version.
This is a Lite version of ISim.
# run 1000 ns
Simulator is doing circuit initialization process.
Finished circuit initialization process.
                 100value of b 00000001
ISim P.20131013 (signature 0x7708f090)
WARNING: A WEBPACK license was found.
WARNING: Please use Xilinx License Configuration Manager to check out a full ISim license.
WARNING: ISim will run in Lite mode. Please refer to the ISim documentation for more information on the differences between the Lite and the Full version.
This is a Lite version of ISim.
# run 1000 ns
Simulator is doing circuit initialization process.
Finished circuit initialization process.
 value of b 00000001
ISim P.20131013 (signature 0x7708f090)
WARNING: A WEBPACK license was found.
WARNING: Please use Xilinx License Configuration Manager to check out a full ISim license.
WARNING: ISim will run in Lite mode. Please refer to the ISim documentation for more information on the differences between the Lite and the Full version.
This is a Lite version of ISim.
# run 1000 ns
Simulator is doing circuit initialization process.
Finished circuit initialization process.
                 100                  100 value of b 00000001
ISim P.20131013 (signature 0x7708f090)
WARNING: A WEBPACK license was found.
WARNING: Please use Xilinx License Configuration Manager to check out a full ISim license.
WARNING: ISim will run in Lite mode. Please refer to the ISim documentation for more information on the differences between the Lite and the Full version.
This is a Lite version of ISim.
# run 1000 ns
Simulator is doing circuit initialization process.
Finished circuit initialization process.
 value of b 00000001time =                  100
ISim P.20131013 (signature 0x7708f090)
WARNING: A WEBPACK license was found.
WARNING: Please use Xilinx License Configuration Manager to check out a full ISim license.
WARNING: ISim will run in Lite mode. Please refer to the ISim documentation for more information on the differences between the Lite and the Full version.
This is a Lite version of ISim.
# run 1000 ns
Simulator is doing circuit initialization process.
Finished circuit initialization process.
 value of b 00000001time =                  100
  -2   1
ISim P.20131013 (signature 0x7708f090)
WARNING: A WEBPACK license was found.
WARNING: Please use Xilinx License Configuration Manager to check out a full ISim license.
WARNING: ISim will run in Lite mode. Please refer to the ISim documentation for more information on the differences between the Lite and the Full version.
This is a Lite version of ISim.
# run 1000 ns
Simulator is doing circuit initialization process.
Finished circuit initialization process.
 value of b 00000001time =                  100
value of a and b  -2   1
ISim P.20131013 (signature 0x7708f090)
WARNING: A WEBPACK license was found.
WARNING: Please use Xilinx License Configuration Manager to check out a full ISim license.
WARNING: ISim will run in Lite mode. Please refer to the ISim documentation for more information on the differences between the Lite and the Full version.
This is a Lite version of ISim.
# run 1000 ns
Simulator is doing circuit initialization process.
Finished circuit initialization process.
 value of b 00000001time =                  100
value of a and b is 11111110   1
ISim P.20131013 (signature 0x7708f090)
WARNING: A WEBPACK license was found.
WARNING: Please use Xilinx License Configuration Manager to check out a full ISim license.
WARNING: ISim will run in Lite mode. Please refer to the ISim documentation for more information on the differences between the Lite and the Full version.
This is a Lite version of ISim.
# run 1000 ns
Simulator is doing circuit initialization process.
Finished circuit initialization process.
 value of b 00000001time =                  100
value of a and b is 11111110 00000001
ISim P.20131013 (signature 0x7708f090)
WARNING: A WEBPACK license was found.
WARNING: Please use Xilinx License Configuration Manager to check out a full ISim license.
WARNING: ISim will run in Lite mode. Please refer to the ISim documentation for more information on the differences between the Lite and the Full version.
This is a Lite version of ISim.
# run 1000 ns
Simulator is doing circuit initialization process.
Finished circuit initialization process.
 value of b 00000001time =                  100
value of a and b is 11111110 00000001
ISim P.20131013 (signature 0x7708f090)
WARNING: A WEBPACK license was found.
WARNING: Please use Xilinx License Configuration Manager to check out a full ISim license.
WARNING: ISim will run in Lite mode. Please refer to the ISim documentation for more information on the differences between the Lite and the Full version.
This is a Lite version of ISim.
# run 1000 ns
Simulator is doing circuit initialization process.
Finished circuit initialization process.
 value of b 00000001time =                  100
value of a and b is 11111110 1
value of a and b is 11111110 0
value of a and b is 11111110 1
value of a and b is 11111110 0
value of a and b is 11111110 1
value of a and b is 11111110 0
value of a and b is 11111110 1
value of a and b is 11111110 0
value of a and b is 11111110 1
value of a and b is 11111110 0
value of a and b is 11111110 1
value of a and b is 11111110 0
value of a and b is 11111110 1
value of a and b is 11111110 0
value of a and b is 11111110 1
value of a and b is 11111110 0
value of a and b is 11111110 1
value of a and b is 11111110 0
value of a and b is 11111110 1
value of a and b is 11111110 0
value of a and b is 11111110 1
value of a and b is 11111110 0
value of a and b is 11111110 1
value of a and b is 11111110 0
value of a and b is 11111110 1
value of a and b is 11111110 0
value of a and b is 11111110 1
value of a and b is 11111110 0
value of a and b is 11111110 1
value of a and b is 11111110 0
value of a and b is 11111110 1
value of a and b is 11111110 0
value of a and b is 11111110 1
value of a and b is 11111110 0
value of a and b is 11111110 1
value of a and b is 11111110 0
value of a and b is 11111110 1
value of a and b is 11111110 0
value of a and b is 11111110 1
value of a and b is 11111110 0
value of a and b is 11111110 1
value of a and b is 11111110 0
value of a and b is 11111110 1
value of a and b is 11111110 0
value of a and b is 11111110 1
value of a and b is 11111110 0
value of a and b is 11111110 1
value of a and b is 11111110 0
value of a and b is 11111110 1
value of a and b is 11111110 0
value of a and b is 11111110 1
value of a and b is 11111110 0
value of a and b is 11111110 1
value of a and b is 11111110 0
value of a and b is 11111110 1
value of a and b is 11111110 0
value of a and b is 11111110 1
value of a and b is 11111110 0
value of a and b is 11111110 1
value of a and b is 11111110 0
value of a and b is 11111110 1
value of a and b is 11111110 0
value of a and b is 11111110 1
value of a and b is 11111110 0
value of a and b is 11111110 1
value of a and b is 11111110 0
value of a and b is 11111110 1
value of a and b is 11111110 0
value of a and b is 11111110 1
value of a and b is 11111110 0
value of a and b is 11111110 1
value of a and b is 11111110 0
value of a and b is 11111110 1
value of a and b is 11111110 0
value of a and b is 11111110 1
value of a and b is 11111110 0
value of a and b is 11111110 1
value of a and b is 11111110 0
value of a and b is 11111110 1
value of a and b is 11111110 0
value of a and b is 11111110 1
value of a and b is 11111110 0
value of a and b is 11111110 1
value of a and b is 11111110 0
value of a and b is 11111110 1
value of a and b is 11111110 0
value of a and b is 11111110 1
value of a and b is 11111110 0
value of a and b is 11111110 1
value of a and b is 11111110 0
value of a and b is 11111110 1
