Release 14.7 - xst P.20131013 (nt64)
Copyright (c) 1995-2013 Xilinx, Inc.  All rights reserved.
--> Parameter TMPDIR set to xst/projnav.tmp


Total REAL time to Xst completion: 0.00 secs
Total CPU time to Xst completion: 0.15 secs
 
--> Parameter xsthdpdir set to xst


Total REAL time to Xst completion: 0.00 secs
Total CPU time to Xst completion: 0.15 secs
 
--> Reading design: string.prj

TABLE OF CONTENTS
  1) Synthesis Options Summary
  2) HDL Compilation
  3) Design Hierarchy Analysis
  4) HDL Analysis
  5) HDL Synthesis
     5.1) HDL Synthesis Report
  6) Advanced HDL Synthesis
     6.1) Advanced HDL Synthesis Report
  7) Low Level Synthesis
  8) Partition Report
  9) Final Report

=========================================================================
*                      Synthesis Options Summary                        *
=========================================================================
---- Source Parameters
Input File Name                    : "string.prj"
Input Format                       : mixed
Ignore Synthesis Constraint File   : NO

---- Target Parameters
Output File Name                   : "string"
Output Format                      : NGC
Target Device                      : Automotive 9500XL

---- Source Options
Top Module Name                    : string
Automatic FSM Extraction           : YES
FSM Encoding Algorithm             : Auto
Safe Implementation                : No
Mux Extraction                     : Yes
Resource Sharing                   : YES

---- Target Options
Add IO Buffers                     : YES
MACRO Preserve                     : YES
XOR Preserve                       : YES
Equivalent register Removal        : YES

---- General Options
Optimization Goal                  : Speed
Optimization Effort                : 1
Keep Hierarchy                     : Yes
Netlist Hierarchy                  : As_Optimized
RTL Output                         : Yes
Hierarchy Separator                : /
Bus Delimiter                      : <>
Case Specifier                     : Maintain
Verilog 2001                       : YES

---- Other Options
Clock Enable                       : YES
wysiwyg                            : NO

=========================================================================


=========================================================================
*                          HDL Compilation                              *
=========================================================================
Compiling verilog file "string.v" in library work
Module <string> compiled
No errors in compilation
Analysis of file <"string.prj"> succeeded.
 

=========================================================================
*                     Design Hierarchy Analysis                         *
=========================================================================
Analyzing hierarchy for module <string> in library <work>.


=========================================================================
*                            HDL Analysis                               *
=========================================================================
Analyzing top module <string>.
Module <string> is correct for synthesis.
 

=========================================================================
*                           HDL Synthesis                               *
=========================================================================

Performing bidirectional port resolution...

Synthesizing Unit <string>.
    Related source file is "string.v".
    Found finite state machine <FSM_0> for signal <state>.
    -----------------------------------------------------------------------
    | States             | 3                                              |
    | Transitions        | 9                                              |
    | Inputs             | 4                                              |
    | Outputs            | 3                                              |
    | Clock              | clk                       (rising_edge)        |
    | Reset              | clr                       (positive)           |
    | Reset type         | asynchronous                                   |
    | Reset State        | 001                                            |
    | Power Up State     | 001                                            |
    | Encoding           | automatic                                      |
    | Implementation     | automatic                                      |
    -----------------------------------------------------------------------
    Found 8-bit comparator greatequal for signal <state$cmp_ge0000> created at line 46.
    Found 8-bit comparator lessequal for signal <state$cmp_le0000> created at line 46.
    Found 1-bit register for signal <whole_sentence>.
    Summary:
	inferred   1 Finite State Machine(s).
	inferred   1 D-type flip-flop(s).
	inferred   2 Comparator(s).
Unit <string> synthesized.


=========================================================================
HDL Synthesis Report

Macro Statistics
# Registers                                            : 1
 1-bit register                                        : 1
# Comparators                                          : 2
 8-bit comparator greatequal                           : 1
 8-bit comparator lessequal                            : 1

=========================================================================

=========================================================================
*                       Advanced HDL Synthesis                          *
=========================================================================

Analyzing FSM <FSM_0> for best encoding.
Optimizing FSM <state/FSM> on signal <state[1:2]> with sequential encoding.
-------------------
 State | Encoding
-------------------
 001   | 00
 010   | 01
 100   | 10
-------------------

=========================================================================
Advanced HDL Synthesis Report

Macro Statistics
# FSMs                                                 : 1
# Registers                                            : 1
 Flip-Flops                                            : 1

=========================================================================

=========================================================================
*                         Low Level Synthesis                           *
=========================================================================

Optimizing unit <string> ...
  implementation constraint: INIT=s	 : whole_sentence
  implementation constraint: INIT=r	 : state_FSM_FFd1
  implementation constraint: INIT=r	 : state_FSM_FFd2

=========================================================================
*                           Partition Report                            *
=========================================================================

Partition Implementation Status
-------------------------------

  No Partitions were found in this design.

-------------------------------

=========================================================================
*                            Final Report                               *
=========================================================================
Final Results
RTL Top Level Output File Name     : string.ngr
Top Level Output File Name         : string
Output Format                      : NGC
Optimization Goal                  : Speed
Keep Hierarchy                     : Yes
Target Technology                  : Automotive 9500XL
Macro Preserve                     : YES
XOR Preserve                       : YES
Clock Enable                       : YES
wysiwyg                            : NO

Design Statistics
# IOs                              : 11

Cell Usage :
# BELS                             : 41
#      AND2                        : 5
#      AND3                        : 4
#      AND4                        : 4
#      INV                         : 23
#      OR2                         : 4
#      OR3                         : 1
# FlipFlops/Latches                : 3
#      FDC                         : 2
#      FDP                         : 1
# IO Buffers                       : 10
#      IBUF                        : 9
#      OBUF                        : 1
=========================================================================


Total REAL time to Xst completion: 7.00 secs
Total CPU time to Xst completion: 7.33 secs
 
--> 

Total memory usage is 4518368 kilobytes

Number of errors   :    0 (   0 filtered)
Number of warnings :    0 (   0 filtered)
Number of infos    :    0 (   0 filtered)

